app/build/intermediates/manifest_merge_blame_file/debug/manifest-merger-blame-debug-report.txt
1<?xml version="1.0" encoding="utf-8"?>
2<manifest xmlns:android="http://schemas.android.com/apk/res/android"
3    package="com.branddrop.addrop"
4    android:versionCode="2"
5    android:versionName="2.1.0" >
6
7    <uses-sdk
8        android:minSdkVersion="24"
9        android:targetSdkVersion="34" />
10
11    <uses-permission android:name="com.google.android.gms.permission.ACTIVITY_RECOGNITION" />
11-->src/main/AndroidManifest.xml:6:5-94
11-->src/main/AndroidManifest.xml:6:22-91
12    <uses-permission android:name="android.permission.ACTIVITY_RECOGNITION" />
12-->src/main/AndroidManifest.xml:7:5-79
12-->src/main/AndroidManifest.xml:7:22-76
13    <uses-permission android:name="android.permission.INTERNET" />
13-->src/main/AndroidManifest.xml:9:5-67
13-->src/main/AndroidManifest.xml:9:22-64
14    <uses-permission android:name="android.permission.ACCESS_BACKGROUND_LOCATION" />
14-->src/main/AndroidManifest.xml:10:5-85
14-->src/main/AndroidManifest.xml:10:22-82
15    <uses-permission android:name="android.permission.ACCESS_COARSE_LOCATION" />
15-->src/main/AndroidManifest.xml:11:5-81
15-->src/main/AndroidManifest.xml:11:22-78
16    <uses-permission android:name="android.permission.ACCESS_FINE_LOCATION" />
16-->src/main/AndroidManifest.xml:12:5-79
16-->src/main/AndroidManifest.xml:12:22-76
17    <uses-permission android:name="android.hardware.location.gps" />
17-->src/main/AndroidManifest.xml:13:5-69
17-->src/main/AndroidManifest.xml:13:22-66
18    <uses-permission android:name="android.permission.ACCESS_NOTIFICATION_POLICY" />
18-->src/main/AndroidManifest.xml:14:5-85
18-->src/main/AndroidManifest.xml:14:22-82
19    <uses-permission android:name="android.permission.ACCESS_NETWORK_STATE" />
19-->src/main/AndroidManifest.xml:16:5-79
19-->src/main/AndroidManifest.xml:16:22-76
20    <uses-permission android:name="android.permission.FOREGROUND_SERVICE" />
20-->src/main/AndroidManifest.xml:18:5-77
20-->src/main/AndroidManifest.xml:18:22-74
21    <uses-permission android:name="android.permission.FOREGROUND_SERVICE_LOCATION" />
21-->src/main/AndroidManifest.xml:19:5-86
21-->src/main/AndroidManifest.xml:19:22-83
22    <uses-permission android:name="android.permission.POST_NOTIFICATIONS" />
22-->src/main/AndroidManifest.xml:21:5-77
22-->src/main/AndroidManifest.xml:21:22-74
23    <uses-permission android:name="android.permission.RECEIVE_BOOT_COMPLETED" />
23-->[:bakit] AndroidManifest.xml:13:5-81
23-->[:bakit] AndroidManifest.xml:13:22-78
24    <uses-permission android:name="android.permission.WAKE_LOCK" />
24-->[:bakit] AndroidManifest.xml:15:5-68
24-->[:bakit] AndroidManifest.xml:15:22-65
25    <uses-permission android:name="android.permission.WRITE_EXTERNAL_STORAGE" />
25-->[:bakit] AndroidManifest.xml:16:5-81
25-->[:bakit] AndroidManifest.xml:16:22-78
26    <uses-permission android:name="android.permission.READ_EXTERNAL_STORAGE" />
27    <uses-permission android:name="android.permission.ACCESS_WIFI_STATE" />
27-->[com.google.android.libraries.places:places:3.5.0] AndroidManifest.xml:11:5-76
27-->[com.google.android.libraries.places:places:3.5.0] AndroidManifest.xml:11:22-73
28    <uses-permission android:name="android.permission.VIBRATE" /> <!-- Required by older versions of Google Play services to create IID tokens -->
28-->[com.wdullaer:materialdatetimepicker:4.2.3] AndroidManifest.xml:26:5-66
28-->[com.wdullaer:materialdatetimepicker:4.2.3] AndroidManifest.xml:26:22-63
29    <uses-permission android:name="com.google.android.c2dm.permission.RECEIVE" />
29-->[com.google.firebase:firebase-iid:21.1.0] AndroidManifest.xml:26:5-82
29-->[com.google.firebase:firebase-iid:21.1.0] AndroidManifest.xml:26:22-79
30
31    <uses-feature
31-->[com.google.android.gms:play-services-maps:17.0.0] AndroidManifest.xml:26:5-28:35
32        android:glEsVersion="0x00020000"
32-->[com.google.android.gms:play-services-maps:17.0.0] AndroidManifest.xml:27:9-41
33        android:required="true" />
33-->[com.google.android.gms:play-services-maps:17.0.0] AndroidManifest.xml:28:9-32
34
35    <uses-permission android:name="com.google.android.gms.permission.AD_ID" />
35-->[com.google.android.gms:play-services-measurement-api:21.1.1] AndroidManifest.xml:25:5-79
35-->[com.google.android.gms:play-services-measurement-api:21.1.1] AndroidManifest.xml:25:22-76
36    <uses-permission android:name="com.google.android.finsky.permission.BIND_GET_INSTALL_REFERRER_SERVICE" />
36-->[com.google.android.gms:play-services-measurement:21.1.1] AndroidManifest.xml:26:5-110
36-->[com.google.android.gms:play-services-measurement:21.1.1] AndroidManifest.xml:26:22-107
37
38    <permission
38-->[androidx.core:core:1.13.0] AndroidManifest.xml:22:5-24:47
39        android:name="com.branddrop.addrop.DYNAMIC_RECEIVER_NOT_EXPORTED_PERMISSION"
39-->[androidx.core:core:1.13.0] AndroidManifest.xml:23:9-81
40        android:protectionLevel="signature" />
40-->[androidx.core:core:1.13.0] AndroidManifest.xml:24:9-44
41
42    <uses-permission android:name="com.branddrop.addrop.DYNAMIC_RECEIVER_NOT_EXPORTED_PERMISSION" />
42-->[androidx.core:core:1.13.0] AndroidManifest.xml:26:5-97
42-->[androidx.core:core:1.13.0] AndroidManifest.xml:26:22-94
43
44    <application
44-->src/main/AndroidManifest.xml:23:5-136:19
45        android:name="com.branddrop.addrop.BrandDropApp"
45-->src/main/AndroidManifest.xml:24:9-57
46        android:allowBackup="true"
46-->src/main/AndroidManifest.xml:25:9-35
47        android:appComponentFactory="androidx.core.app.CoreComponentFactory"
47-->[androidx.core:core:1.13.0] AndroidManifest.xml:28:18-86
48        android:debuggable="true"
49        android:enableOnBackInvokedCallback="true"
49-->src/main/AndroidManifest.xml:26:9-51
50        android:extractNativeLibs="false"
51        android:icon="@mipmap/ic_launcher"
51-->src/main/AndroidManifest.xml:27:9-43
52        android:label="@string/app_name"
52-->src/main/AndroidManifest.xml:28:9-41
53        android:roundIcon="@mipmap/ic_launcher_round"
53-->src/main/AndroidManifest.xml:29:9-54
54        android:supportsRtl="true"
54-->src/main/AndroidManifest.xml:30:9-35
55        android:testOnly="true"
56        android:theme="@style/AppTheme"
56-->src/main/AndroidManifest.xml:31:9-40
57        android:usesCleartextTraffic="true" >
57-->src/main/AndroidManifest.xml:32:9-44
58        <activity
58-->src/main/AndroidManifest.xml:34:9-36:39
59            android:name="com.branddrop.addrop.activity.AppIdActivity"
59-->src/main/AndroidManifest.xml:35:13-71
60            android:exported="true" />
60-->src/main/AndroidManifest.xml:36:13-36
61        <activity
61-->src/main/AndroidManifest.xml:37:9-39:39
62            android:name="com.branddrop.addrop.activity.DisplayImageActivity"
62-->src/main/AndroidManifest.xml:38:13-78
63            android:exported="true" />
63-->src/main/AndroidManifest.xml:39:13-36
64        <activity
64-->src/main/AndroidManifest.xml:40:9-43:61
65            android:name="com.branddrop.bakit.customViews.CustomAttributesActivity"
65-->src/main/AndroidManifest.xml:41:13-84
66            android:exported="true"
66-->src/main/AndroidManifest.xml:42:13-36
67            android:label="@string/title_activity_custom" />
67-->src/main/AndroidManifest.xml:43:13-58
68        <activity
68-->src/main/AndroidManifest.xml:44:9-50:59
69            android:name="com.branddrop.addrop.activity.UserActivity"
69-->src/main/AndroidManifest.xml:45:13-70
70            android:configChanges="orientation"
70-->src/main/AndroidManifest.xml:46:13-48
71            android:exported="true"
71-->src/main/AndroidManifest.xml:47:13-36
72            android:label="@string/title_activity_user"
72-->src/main/AndroidManifest.xml:48:13-56
73            android:screenOrientation="portrait"
73-->src/main/AndroidManifest.xml:49:13-49
74            android:theme="@style/AppTheme.NoActionBar" />
74-->src/main/AndroidManifest.xml:50:13-56
75        <activity
75-->src/main/AndroidManifest.xml:51:9-57:59
76            android:name="com.branddrop.addrop.activity.CustomActivity"
76-->src/main/AndroidManifest.xml:52:13-72
77            android:configChanges="orientation"
77-->src/main/AndroidManifest.xml:53:13-48
78            android:exported="true"
78-->src/main/AndroidManifest.xml:54:13-36
79            android:label="@string/title_activity_custom"
79-->src/main/AndroidManifest.xml:55:13-58
80            android:screenOrientation="portrait"
80-->src/main/AndroidManifest.xml:56:13-49
81            android:theme="@style/AppTheme.NoActionBar" />
81-->src/main/AndroidManifest.xml:57:13-56
82        <activity
82-->src/main/AndroidManifest.xml:58:9-68:20
83            android:name="com.branddrop.addrop.activity.MainActivity"
83-->src/main/AndroidManifest.xml:59:13-70
84            android:configChanges="orientation"
84-->src/main/AndroidManifest.xml:60:13-48
85            android:exported="true"
85-->src/main/AndroidManifest.xml:61:13-36
86            android:screenOrientation="portrait" >
86-->src/main/AndroidManifest.xml:62:13-49
87            <intent-filter>
87-->src/main/AndroidManifest.xml:63:13-67:29
88                <action android:name="android.intent.action.MAIN" />
88-->src/main/AndroidManifest.xml:64:17-69
88-->src/main/AndroidManifest.xml:64:25-66
89
90                <category android:name="android.intent.category.LAUNCHER" />
90-->src/main/AndroidManifest.xml:66:17-77
90-->src/main/AndroidManifest.xml:66:27-74
91            </intent-filter>
92        </activity>
93        <activity
93-->src/main/AndroidManifest.xml:70:9-75:20
94            android:name="com.branddrop.addrop.activity.MessagesActivity"
94-->src/main/AndroidManifest.xml:71:13-74
95            android:enabled="true"
95-->src/main/AndroidManifest.xml:72:13-35
96            android:exported="true" >
96-->src/main/AndroidManifest.xml:73:13-36
97        </activity>
98        <activity
98-->src/main/AndroidManifest.xml:76:9-94:20
99            android:name="com.branddrop.addrop.activity.MessageActivity"
99-->src/main/AndroidManifest.xml:77:13-73
100            android:enabled="true"
100-->src/main/AndroidManifest.xml:78:13-35
101            android:excludeFromRecents="true"
101-->src/main/AndroidManifest.xml:79:13-46
102            android:exported="true"
102-->src/main/AndroidManifest.xml:80:13-36
103            android:launchMode="singleTop"
103-->src/main/AndroidManifest.xml:81:13-43
104            android:parentActivityName="com.branddrop.addrop.activity.MessagesActivity"
104-->src/main/AndroidManifest.xml:82:13-88
105            android:screenOrientation="portrait"
105-->src/main/AndroidManifest.xml:83:13-49
106            android:taskAffinity="" >
106-->src/main/AndroidManifest.xml:84:13-36
107            <meta-data
107-->src/main/AndroidManifest.xml:85:13-87:82
108                android:name="android.support.PARENT_ACTIVITY"
108-->src/main/AndroidManifest.xml:86:17-63
109                android:value="com.branddrop.addrop.activity.MessagesActivity" />
109-->src/main/AndroidManifest.xml:87:17-79
110
111            <intent-filter>
111-->src/main/AndroidManifest.xml:89:13-93:29
112                <action android:name="OPEN_MESSAGE" />
112-->src/main/AndroidManifest.xml:90:17-55
112-->src/main/AndroidManifest.xml:90:25-52
113
114                <category android:name="android.intent.category.DEFAULT" />
114-->src/main/AndroidManifest.xml:92:17-76
114-->src/main/AndroidManifest.xml:92:27-73
115            </intent-filter>
116        </activity>
117        <activity
117-->src/main/AndroidManifest.xml:95:9-103:66
118            android:name="com.branddrop.addrop.activity.DialogMessageActivity"
118-->src/main/AndroidManifest.xml:96:13-79
119            android:enabled="true"
119-->src/main/AndroidManifest.xml:97:13-35
120            android:excludeFromRecents="false"
120-->src/main/AndroidManifest.xml:98:13-47
121            android:exported="true"
121-->src/main/AndroidManifest.xml:99:13-36
122            android:launchMode="singleTop"
122-->src/main/AndroidManifest.xml:100:13-43
123            android:screenOrientation="portrait"
123-->src/main/AndroidManifest.xml:101:13-49
124            android:taskAffinity=""
124-->src/main/AndroidManifest.xml:102:13-36
125            android:theme="@style/AppTheme.Dialog.NoActionBar" />
125-->src/main/AndroidManifest.xml:103:13-63
126
127        <service
127-->src/main/AndroidManifest.xml:105:9-111:19
128            android:name="com.branddrop.addrop.firebase.FCMService"
128-->src/main/AndroidManifest.xml:106:13-68
129            android:exported="false" >
129-->src/main/AndroidManifest.xml:107:13-37
130            <intent-filter>
130-->src/main/AndroidManifest.xml:108:13-110:29
131                <action android:name="com.google.firebase.MESSAGING_EVENT" />
131-->src/main/AndroidManifest.xml:109:17-78
131-->src/main/AndroidManifest.xml:109:25-75
132            </intent-filter>
133        </service>
134
135        <meta-data
135-->src/main/AndroidManifest.xml:113:9-115:54
136            android:name="com.google.firebase.messaging.default_notification_icon"
136-->src/main/AndroidManifest.xml:114:13-83
137            android:resource="@mipmap/ic_launcher" />
137-->src/main/AndroidManifest.xml:115:13-51
138        <meta-data
138-->src/main/AndroidManifest.xml:116:9-118:53
139            android:name="com.google.firebase.messaging.default_notification_color"
139-->src/main/AndroidManifest.xml:117:13-84
140            android:resource="@color/colorAccent" />
140-->src/main/AndroidManifest.xml:118:13-50
141        <meta-data
141-->src/main/AndroidManifest.xml:119:9-121:71
142            android:name="com.google.firebase.messaging.default_notification_channel_id"
142-->src/main/AndroidManifest.xml:120:13-89
143            android:value="@string/default_notification_channel_id" />
143-->src/main/AndroidManifest.xml:121:13-68
144
145        <receiver
145-->src/main/AndroidManifest.xml:123:9-127:39
146            android:name="com.branddrop.bakit.GeofenceBroadCastReceiver"
146-->src/main/AndroidManifest.xml:124:13-73
147            android:allowBackup="true"
147-->src/main/AndroidManifest.xml:125:13-39
148            android:enabled="true"
148-->src/main/AndroidManifest.xml:126:13-35
149            android:exported="true" />
149-->src/main/AndroidManifest.xml:127:13-36
150
151        <service
151-->src/main/AndroidManifest.xml:129:9-133:56
152            android:name="com.branddrop.bakit.LocationService"
152-->src/main/AndroidManifest.xml:130:13-63
153            android:enabled="true"
153-->src/main/AndroidManifest.xml:131:13-35
154            android:exported="false"
154-->src/main/AndroidManifest.xml:132:13-37
155            android:foregroundServiceType="location" />
155-->src/main/AndroidManifest.xml:133:13-53
156
157        <!-- [START BOOT/DEFAULT SERVICE] -->
158        <receiver
158-->[:bakit] AndroidManifest.xml:26:9-36:20
159            android:name="com.branddrop.bakit.BootReceiver"
159-->[:bakit] AndroidManifest.xml:27:13-60
160            android:enabled="true"
160-->[:bakit] AndroidManifest.xml:28:13-35
161            android:exported="true"
161-->[:bakit] AndroidManifest.xml:29:13-36
162            android:permission="android.permission.RECEIVE_BOOT_COMPLETED" >
162-->[:bakit] AndroidManifest.xml:30:13-75
163            <intent-filter>
163-->[:bakit] AndroidManifest.xml:31:13-35:29
164                <action android:name="android.intent.action.BOOT_COMPLETED" />
164-->[:bakit] AndroidManifest.xml:32:17-79
164-->[:bakit] AndroidManifest.xml:32:25-76
165
166                <category android:name="android.intent.category.DEFAULT" />
166-->src/main/AndroidManifest.xml:92:17-76
166-->src/main/AndroidManifest.xml:92:27-73
167            </intent-filter>
168        </receiver> <!-- [END BOOT/DEFAULT SERVICE] -->
169        <receiver
169-->[:bakit] AndroidManifest.xml:40:9-47:20
170            android:name="com.branddrop.bakit.LocationUpdatesBroadcastReceiver"
170-->[:bakit] AndroidManifest.xml:41:13-80
171            android:enabled="true"
171-->[:bakit] AndroidManifest.xml:42:13-35
172            android:exported="true" >
172-->[:bakit] AndroidManifest.xml:43:13-36
173            <intent-filter>
173-->[:bakit] AndroidManifest.xml:44:13-46:29
174                <action android:name="com.google.android.gms.location.sample.locationupdatespendingintent.LocationUpdatesBroadcastReceiver.ACTION_PROCESS_UPDATES" />
174-->[:bakit] AndroidManifest.xml:45:17-166
174-->[:bakit] AndroidManifest.xml:45:25-163
175            </intent-filter>
176        </receiver>
177        <receiver
177-->[:bakit] AndroidManifest.xml:48:9-51:39
178            android:name="com.branddrop.bakit.MyBroadcastReceiver"
178-->[:bakit] AndroidManifest.xml:49:13-67
179            android:enabled="true"
179-->[:bakit] AndroidManifest.xml:50:13-35
180            android:exported="true" />
180-->[:bakit] AndroidManifest.xml:51:13-36
181
182        <service
182-->[:bakit] AndroidManifest.xml:53:9-57:56
183            android:name="com.branddrop.bakit.LocationUpdatesService"
183-->[:bakit] AndroidManifest.xml:54:13-70
184            android:enabled="true"
184-->[:bakit] AndroidManifest.xml:55:13-35
185            android:exported="false"
185-->[:bakit] AndroidManifest.xml:56:13-37
186            android:foregroundServiceType="location" />
186-->[:bakit] AndroidManifest.xml:57:13-53
187
188        <activity
188-->[:bakit] AndroidManifest.xml:65:9-68:20
189            android:name="com.branddrop.bakit.RequestPermissionActivity"
189-->[:bakit] AndroidManifest.xml:66:13-73
190            android:exported="true" >
190-->[:bakit] AndroidManifest.xml:67:13-36
191        </activity>
192        <activity
192-->[com.google.android.libraries.places:places:3.5.0] AndroidManifest.xml:15:9-21:20
193            android:name="com.google.android.libraries.places.widget.AutocompleteActivity"
193-->[com.google.android.libraries.places:places:3.5.0] AndroidManifest.xml:16:13-91
194            android:exported="false"
194-->[com.google.android.libraries.places:places:3.5.0] AndroidManifest.xml:17:13-37
195            android:label="@string/places_autocomplete_label"
195-->[com.google.android.libraries.places:places:3.5.0] AndroidManifest.xml:18:13-62
196            android:theme="@style/PlacesAutocompleteOverlay"
196-->[com.google.android.libraries.places:places:3.5.0] AndroidManifest.xml:19:13-61
197            android:windowSoftInputMode="adjustResize" >
197-->[com.google.android.libraries.places:places:3.5.0] AndroidManifest.xml:20:13-55
198        </activity>
199
200        <service
200-->[com.google.firebase:firebase-iid:21.1.0] AndroidManifest.xml:29:9-35:19
201            android:name="com.google.firebase.components.ComponentDiscoveryService"
201-->[com.google.firebase:firebase-iid:21.1.0] AndroidManifest.xml:30:13-84
202            android:directBootAware="true"
202-->[com.google.firebase:firebase-common:21.0.0] AndroidManifest.xml:32:13-43
203            android:exported="false" >
203-->[com.google.firebase:firebase-iid:21.1.0] AndroidManifest.xml:31:13-37
204            <meta-data
204-->[com.google.firebase:firebase-iid:21.1.0] AndroidManifest.xml:32:13-34:85
205                android:name="com.google.firebase.components:com.google.firebase.iid.Registrar"
205-->[com.google.firebase:firebase-iid:21.1.0] AndroidManifest.xml:33:17-96
206                android:value="com.google.firebase.components.ComponentRegistrar" />
206-->[com.google.firebase:firebase-iid:21.1.0] AndroidManifest.xml:34:17-82
207            <meta-data
207-->[com.google.firebase:firebase-messaging:24.0.0] AndroidManifest.xml:57:13-59:85
208                android:name="com.google.firebase.components:com.google.firebase.messaging.FirebaseMessagingKtxRegistrar"
208-->[com.google.firebase:firebase-messaging:24.0.0] AndroidManifest.xml:58:17-122
209                android:value="com.google.firebase.components.ComponentRegistrar" />
209-->[com.google.firebase:firebase-messaging:24.0.0] AndroidManifest.xml:59:17-82
210            <meta-data
210-->[com.google.firebase:firebase-messaging:24.0.0] AndroidManifest.xml:60:13-62:85
211                android:name="com.google.firebase.components:com.google.firebase.messaging.FirebaseMessagingRegistrar"
211-->[com.google.firebase:firebase-messaging:24.0.0] AndroidManifest.xml:61:17-119
212                android:value="com.google.firebase.components.ComponentRegistrar" />
212-->[com.google.firebase:firebase-messaging:24.0.0] AndroidManifest.xml:62:17-82
213            <meta-data
213-->[com.google.android.gms:play-services-measurement-api:21.1.1] AndroidManifest.xml:31:13-33:85
214                android:name="com.google.firebase.components:com.google.firebase.analytics.connector.internal.AnalyticsConnectorRegistrar"
214-->[com.google.android.gms:play-services-measurement-api:21.1.1] AndroidManifest.xml:32:17-139
215                android:value="com.google.firebase.components.ComponentRegistrar" />
215-->[com.google.android.gms:play-services-measurement-api:21.1.1] AndroidManifest.xml:33:17-82
216            <meta-data
216-->[com.google.firebase:firebase-installations:17.2.0] AndroidManifest.xml:15:13-17:85
217                android:name="com.google.firebase.components:com.google.firebase.installations.FirebaseInstallationsKtxRegistrar"
217-->[com.google.firebase:firebase-installations:17.2.0] AndroidManifest.xml:16:17-130
218                android:value="com.google.firebase.components.ComponentRegistrar" />
218-->[com.google.firebase:firebase-installations:17.2.0] AndroidManifest.xml:17:17-82
219            <meta-data
219-->[com.google.firebase:firebase-installations:17.2.0] AndroidManifest.xml:18:13-20:85
220                android:name="com.google.firebase.components:com.google.firebase.installations.FirebaseInstallationsRegistrar"
220-->[com.google.firebase:firebase-installations:17.2.0] AndroidManifest.xml:19:17-127
221                android:value="com.google.firebase.components.ComponentRegistrar" />
221-->[com.google.firebase:firebase-installations:17.2.0] AndroidManifest.xml:20:17-82
222            <meta-data
222-->[com.google.firebase:firebase-common-ktx:21.0.0] AndroidManifest.xml:12:13-14:85
223                android:name="com.google.firebase.components:com.google.firebase.ktx.FirebaseCommonLegacyRegistrar"
223-->[com.google.firebase:firebase-common-ktx:21.0.0] AndroidManifest.xml:13:17-116
224                android:value="com.google.firebase.components.ComponentRegistrar" />
224-->[com.google.firebase:firebase-common-ktx:21.0.0] AndroidManifest.xml:14:17-82
225            <meta-data
225-->[com.google.firebase:firebase-common:21.0.0] AndroidManifest.xml:35:13-37:85
226                android:name="com.google.firebase.components:com.google.firebase.FirebaseCommonKtxRegistrar"
226-->[com.google.firebase:firebase-common:21.0.0] AndroidManifest.xml:36:17-109
227                android:value="com.google.firebase.components.ComponentRegistrar" />
227-->[com.google.firebase:firebase-common:21.0.0] AndroidManifest.xml:37:17-82
228            <meta-data
228-->[com.google.firebase:firebase-datatransport:18.2.0] AndroidManifest.xml:25:13-27:85
229                android:name="com.google.firebase.components:com.google.firebase.datatransport.TransportRegistrar"
229-->[com.google.firebase:firebase-datatransport:18.2.0] AndroidManifest.xml:26:17-115
230                android:value="com.google.firebase.components.ComponentRegistrar" />
230-->[com.google.firebase:firebase-datatransport:18.2.0] AndroidManifest.xml:27:17-82
231        </service>
232
233        <receiver
233-->[com.google.firebase:firebase-messaging:24.0.0] AndroidManifest.xml:29:9-40:20
234            android:name="com.google.firebase.iid.FirebaseInstanceIdReceiver"
234-->[com.google.firebase:firebase-messaging:24.0.0] AndroidManifest.xml:30:13-78
235            android:exported="true"
235-->[com.google.firebase:firebase-messaging:24.0.0] AndroidManifest.xml:31:13-36
236            android:permission="com.google.android.c2dm.permission.SEND" >
236-->[com.google.firebase:firebase-messaging:24.0.0] AndroidManifest.xml:32:13-73
237            <intent-filter>
237-->[com.google.firebase:firebase-messaging:24.0.0] AndroidManifest.xml:33:13-35:29
238                <action android:name="com.google.android.c2dm.intent.RECEIVE" />
238-->[com.google.firebase:firebase-messaging:24.0.0] AndroidManifest.xml:34:17-81
238-->[com.google.firebase:firebase-messaging:24.0.0] AndroidManifest.xml:34:25-78
239            </intent-filter>
240
241            <meta-data
241-->[com.google.firebase:firebase-messaging:24.0.0] AndroidManifest.xml:37:13-39:40
242                android:name="com.google.android.gms.cloudmessaging.FINISHED_AFTER_HANDLED"
242-->[com.google.firebase:firebase-messaging:24.0.0] AndroidManifest.xml:38:17-92
243                android:value="true" />
243-->[com.google.firebase:firebase-messaging:24.0.0] AndroidManifest.xml:39:17-37
244        </receiver>
245        <!--
246             FirebaseMessagingService performs security checks at runtime,
247             but set to not exported to explicitly avoid allowing another app to call it.
248        -->
249        <service
249-->[com.google.firebase:firebase-messaging:24.0.0] AndroidManifest.xml:46:9-53:19
250            android:name="com.google.firebase.messaging.FirebaseMessagingService"
250-->[com.google.firebase:firebase-messaging:24.0.0] AndroidManifest.xml:47:13-82
251            android:directBootAware="true"
251-->[com.google.firebase:firebase-messaging:24.0.0] AndroidManifest.xml:48:13-43
252            android:exported="false" >
252-->[com.google.firebase:firebase-messaging:24.0.0] AndroidManifest.xml:49:13-37
253            <intent-filter android:priority="-500" >
253-->src/main/AndroidManifest.xml:108:13-110:29
254                <action android:name="com.google.firebase.MESSAGING_EVENT" />
254-->src/main/AndroidManifest.xml:109:17-78
254-->src/main/AndroidManifest.xml:109:25-75
255            </intent-filter>
256        </service>
257
258        <provider
258-->[androidx.work:work-runtime:2.9.0] AndroidManifest.xml:29:9-37:20
259            android:name="androidx.startup.InitializationProvider"
259-->[androidx.work:work-runtime:2.9.0] AndroidManifest.xml:30:13-67
260            android:authorities="com.branddrop.addrop.androidx-startup"
260-->[androidx.work:work-runtime:2.9.0] AndroidManifest.xml:31:13-68
261            android:exported="false" >
261-->[androidx.work:work-runtime:2.9.0] AndroidManifest.xml:32:13-37
262            <meta-data
262-->[androidx.work:work-runtime:2.9.0] AndroidManifest.xml:34:13-36:52
263                android:name="androidx.work.WorkManagerInitializer"
263-->[androidx.work:work-runtime:2.9.0] AndroidManifest.xml:35:17-68
264                android:value="androidx.startup" />
264-->[androidx.work:work-runtime:2.9.0] AndroidManifest.xml:36:17-49
265            <meta-data
265-->[androidx.emoji2:emoji2:1.3.0] AndroidManifest.xml:29:13-31:52
266                android:name="androidx.emoji2.text.EmojiCompatInitializer"
266-->[androidx.emoji2:emoji2:1.3.0] AndroidManifest.xml:30:17-75
267                android:value="androidx.startup" />
267-->[androidx.emoji2:emoji2:1.3.0] AndroidManifest.xml:31:17-49
268            <meta-data
268-->[androidx.lifecycle:lifecycle-process:2.6.2] AndroidManifest.xml:29:13-31:52
269                android:name="androidx.lifecycle.ProcessLifecycleInitializer"
269-->[androidx.lifecycle:lifecycle-process:2.6.2] AndroidManifest.xml:30:17-78
270                android:value="androidx.startup" />
270-->[androidx.lifecycle:lifecycle-process:2.6.2] AndroidManifest.xml:31:17-49
271            <meta-data
271-->[androidx.profileinstaller:profileinstaller:1.3.1] AndroidManifest.xml:29:13-31:52
272                android:name="androidx.profileinstaller.ProfileInstallerInitializer"
272-->[androidx.profileinstaller:profileinstaller:1.3.1] AndroidManifest.xml:30:17-85
273                android:value="androidx.startup" />
273-->[androidx.profileinstaller:profileinstaller:1.3.1] AndroidManifest.xml:31:17-49
274        </provider>
275
276        <service
276-->[androidx.work:work-runtime:2.9.0] AndroidManifest.xml:39:9-45:35
277            android:name="androidx.work.impl.background.systemalarm.SystemAlarmService"
277-->[androidx.work:work-runtime:2.9.0] AndroidManifest.xml:40:13-88
278            android:directBootAware="false"
278-->[androidx.work:work-runtime:2.9.0] AndroidManifest.xml:41:13-44
279            android:enabled="@bool/enable_system_alarm_service_default"
279-->[androidx.work:work-runtime:2.9.0] AndroidManifest.xml:42:13-72
280            android:exported="false" />
280-->[androidx.work:work-runtime:2.9.0] AndroidManifest.xml:43:13-37
281        <service
281-->[androidx.work:work-runtime:2.9.0] AndroidManifest.xml:46:9-52:35
282            android:name="androidx.work.impl.background.systemjob.SystemJobService"
282-->[androidx.work:work-runtime:2.9.0] AndroidManifest.xml:47:13-84
283            android:directBootAware="false"
283-->[androidx.work:work-runtime:2.9.0] AndroidManifest.xml:48:13-44
284            android:enabled="@bool/enable_system_job_service_default"
284-->[androidx.work:work-runtime:2.9.0] AndroidManifest.xml:49:13-70
285            android:exported="true"
285-->[androidx.work:work-runtime:2.9.0] AndroidManifest.xml:50:13-36
286            android:permission="android.permission.BIND_JOB_SERVICE" />
286-->[androidx.work:work-runtime:2.9.0] AndroidManifest.xml:51:13-69
287        <service
287-->[androidx.work:work-runtime:2.9.0] AndroidManifest.xml:53:9-59:35
288            android:name="androidx.work.impl.foreground.SystemForegroundService"
288-->[androidx.work:work-runtime:2.9.0] AndroidManifest.xml:54:13-81
289            android:directBootAware="false"
289-->[androidx.work:work-runtime:2.9.0] AndroidManifest.xml:55:13-44
290            android:enabled="@bool/enable_system_foreground_service_default"
290-->[androidx.work:work-runtime:2.9.0] AndroidManifest.xml:56:13-77
291            android:exported="false" />
291-->[androidx.work:work-runtime:2.9.0] AndroidManifest.xml:57:13-37
292
293        <receiver